<?xml version="1.0" encoding="UTF-8"?>
<!-- Generated by org.testng.reporters.JUnitReportReporter -->
<testsuite skipped="0" hostname="IITC-WS-DN04" name="WebApplication.HomePageTest" tests="2" failures="0" timestamp="20 Dec 2018 11:29:52 GMT" time="57.438" errors="0">
  <testcase name="basepagenavigation" time="25.909" classname="WebApplication.HomePageTest"/>
  <testcase name="basepagenavigation" time="31.529" classname="WebApplication.HomePageTest"/>
</testsuite> <!-- WebApplication.HomePageTest -->
