<?xml version="1.0" encoding="UTF-8"?>
<!-- Generated by org.testng.reporters.JUnitReportReporter -->
<testsuite skipped="0" hostname="IITC-WS-DN04" name="WebApplication.HomePageTest" tests="2" failures="0" timestamp="20 Dec 2018 12:37:13 GMT" time="51.135" errors="0">
  <testcase name="basepagenavigation" time="27.132" classname="WebApplication.HomePageTest"/>
  <testcase name="basepagenavigation" time="24.003" classname="WebApplication.HomePageTest"/>
</testsuite> <!-- WebApplication.HomePageTest -->
